Build started 30.04.2015 11:33:43.
     1>Project "C:\Users\ASUS\Dropbox\Проект по инфе\TestSolution(timer)\vs2013project\TestProject.vcxproj" on node 2 (Build target(s)).
     1>C:\Program Files (x86)\MSBuild\Microsoft.Cpp\v4.0\V120\Microsoft.CppBuild.targets(363,5): warning MSB8004: Intermediate Directory does not end with a trailing slash.  This build instance will add the slash as it is required to allow proper evaluation of the Intermediate Directory.
     1>C:\Program Files (x86)\MSBuild\Microsoft.Cpp\v4.0\V120\Microsoft.CppBuild.targets(364,5): warning MSB8004: Output Directory does not end with a trailing slash.  This build instance will add the slash as it is required to allow proper evaluation of the Output Directory.
     1>ClCompile:
         C:\Program Files (x86)\Microsoft Visual Studio 12.0\VC\bin\CL.exe /c /I"C:\Users\ASUS\Dropbox\Проект по инфе\TestSolution(timer)\vs2013project\..\bin" /Zi /nologo /W3 /WX- /O2 /Oi /Oy- /GL /D WIN32 /D NDEBUG /D _CONSOLE /D _LIB /D _MBCS /Gm- /EHsc /MD /GS /Gy /fp:precise /Zc:wchar_t /Zc:forScope /Fo"C:\Users\ASUS\Dropbox\Проект по инфе\TestSolution(timer)\vs2013project\\..\build\Release\\" /Fd"C:\Users\ASUS\Dropbox\Проект по инфе\TestSolution(timer)\vs2013project\\..\build\Release\vc120.pdb" /Gd /TP /analyze- /errorReport:prompt ..\src\main.cpp
         main.cpp
     1>..\src\main.cpp(3): fatal error C1083: Cannot open include file: 'SFML/Graphics.hpp': No such file or directory
     1>Done Building Project "C:\Users\ASUS\Dropbox\Проект по инфе\TestSolution(timer)\vs2013project\TestProject.vcxproj" (Build target(s)) -- FAILED.

Build FAILED.

Time Elapsed 00:00:02.15
